<?xml version="1.0" encoding="UTF-8"?>
<testsuite xmlns:xsi="http://www.w3.org/2001/XMLSchema-instance" xsi:noNamespaceSchemaLocation="https://maven.apache.org/surefire/maven-surefire-plugin/xsd/surefire-test-report.xsd" name="com.example.hello.AppTest" time="0.043" tests="3" errors="0" skipped="0" failures="0">
  <properties>
[...]
</properties>
  <testcase name="testNameNull" classname="com.example.hello.AppTest" time="0.003"/>
  <testcase name="testNameSomeName" classname="com.example.hello.AppTest" time="0.001"/>
  <testcase name="testNameEmpty" classname="com.example.hello.AppTest" time="0"/>
</testsuite>